c:\users\sanka\source\repos\wibu time!\wibu time!\x64\debug\vc143.pdb
c:\users\sanka\source\repos\wibu time!\wibu time!\x64\debug\vc143.idb
c:\users\sanka\source\repos\wibu time!\wibu time!\x64\debug\wibu time!.obj
c:\users\sanka\source\repos\wibu time!\wibu time!\x64\debug\resourcemanager.obj
c:\users\sanka\source\repos\wibu time!\wibu time!\x64\debug\application.obj
c:\users\sanka\source\repos\wibu time!\wibu time!\x64\debug\igamestata.obj
c:\users\sanka\source\repos\wibu time!\wibu time!\x64\debug\gamestatamachine.obj
c:\users\sanka\source\repos\wibu time!\wibu time!\x64\debug\gsmenu.obj
c:\users\sanka\source\repos\wibu time!\wibu time!\x64\debug\gsintro.obj
c:\users\sanka\source\repos\wibu time!\wibu time!\x64\debug\gsplay.obj
c:\users\sanka\source\repos\wibu time!\wibu time!\x64\debug\gsend.obj
c:\users\sanka\source\repos\wibu time!\wibu time!\x64\debug\gamebutton.obj
c:\users\sanka\source\repos\wibu time!\wibu time!\x64\debug\rsfly.obj
c:\users\sanka\source\repos\wibu time!\wibu time!\x64\debug\rocket.obj
c:\users\sanka\source\repos\wibu time!\wibu time!\x64\debug\animation.obj
c:\users\sanka\source\repos\wibu time!\wibu time!\x64\debug\psrun.obj
c:\users\sanka\source\repos\wibu time!\wibu time!\x64\debug\player.obj
c:\users\sanka\source\repos\wibu time!\wibu time!\x64\debug\windowconnector.obj
c:\users\sanka\source\repos\wibu time!\x64\debug\wibu time!.exe
c:\users\sanka\source\repos\wibu time!\wibu time!\x64\debug\wibu time!.ilk
c:\users\sanka\source\repos\wibu time!\x64\debug\wibu time!.pdb
c:\users\sanka\source\repos\wibu time!\wibu time!\x64\debug\wibu time!.obj.enc
c:\users\sanka\source\repos\wibu time!\wibu time!\x64\debug\wibu time!.tlog\cl.command.1.tlog
c:\users\sanka\source\repos\wibu time!\wibu time!\x64\debug\wibu time!.tlog\cl.read.1.tlog
c:\users\sanka\source\repos\wibu time!\wibu time!\x64\debug\wibu time!.tlog\cl.write.1.tlog
c:\users\sanka\source\repos\wibu time!\wibu time!\x64\debug\wibu time!.tlog\link.command.1.tlog
c:\users\sanka\source\repos\wibu time!\wibu time!\x64\debug\wibu time!.tlog\link.read.1.tlog
c:\users\sanka\source\repos\wibu time!\wibu time!\x64\debug\wibu time!.tlog\link.write.1.tlog
